app/build/intermediates/manifest_merge_blame_file/debug/manifest-merger-blame-debug-report.txt
1<?xml version="1.0" encoding="utf-8"?>
2<manifest xmlns:android="http://schemas.android.com/apk/res/android"
3    package="com.muralijha.sup"
4    android:versionCode="1"
5    android:versionName="1.0" >
6
7    <uses-sdk
8        android:minSdkVersion="16"
8-->src\main\AndroidManifest.xml
9        android:targetSdkVersion="29" />
9-->src\main\AndroidManifest.xml
10
11    <uses-permission android:name="android.permission.READ_EXTERNAL_STORAGE" />
11-->src\main\AndroidManifest.xml:5:5-80
11-->src\main\AndroidManifest.xml:5:22-77
12    <uses-permission android:name="android.permission.WRITE_EXTERNAL_STORAGE" />
12-->src\main\AndroidManifest.xml:6:5-81
12-->src\main\AndroidManifest.xml:6:22-78
13    <uses-permission android:name="android.permission.INTERNET" />
13-->src\main\AndroidManifest.xml:7:5-67
13-->src\main\AndroidManifest.xml:7:22-64
14    <uses-permission android:name="android.permission.ACCESS_NETWORK_STATE" />
14-->[com.google.firebase:firebase-measurement-connector-impl:17.0.3] AndroidManifest.xml:23:5-79
14-->[com.google.firebase:firebase-measurement-connector-impl:17.0.3] AndroidManifest.xml:23:22-76
15    <uses-permission android:name="android.permission.WAKE_LOCK" />
15-->[com.google.firebase:firebase-measurement-connector-impl:17.0.3] AndroidManifest.xml:24:5-68
15-->[com.google.firebase:firebase-measurement-connector-impl:17.0.3] AndroidManifest.xml:24:22-65
16    <uses-permission android:name="com.google.android.finsky.permission.BIND_GET_INSTALL_REFERRER_SERVICE" /> <!-- Required by older versions of Google Play services to create IID tokens -->
16-->[com.google.firebase:firebase-analytics:16.0.5] AndroidManifest.xml:26:5-110
16-->[com.google.firebase:firebase-analytics:16.0.5] AndroidManifest.xml:26:22-107
17    <uses-permission android:name="com.google.android.c2dm.permission.RECEIVE" />
17-->[com.google.firebase:firebase-iid:17.0.4] AndroidManifest.xml:26:5-82
17-->[com.google.firebase:firebase-iid:17.0.4] AndroidManifest.xml:26:22-79
18
19    <application
19-->src\main\AndroidManifest.xml:9:5-55:19
20        android:allowBackup="true"
20-->src\main\AndroidManifest.xml:10:9-35
21        android:appComponentFactory="androidx.core.app.CoreComponentFactory"
21-->[androidx.core:core:1.1.0] AndroidManifest.xml:24:18-86
22        android:debuggable="true"
23        android:icon="@mipmap/ic_launcher"
23-->src\main\AndroidManifest.xml:11:9-43
24        android:label="@string/app_name"
24-->src\main\AndroidManifest.xml:12:9-41
25        android:roundIcon="@mipmap/ic_launcher_round"
25-->src\main\AndroidManifest.xml:13:9-54
26        android:supportsRtl="true"
26-->src\main\AndroidManifest.xml:14:9-35
27        android:theme="@style/AppTheme" >
27-->src\main\AndroidManifest.xml:15:9-40
28        <activity android:name="com.muralijha.sup.splashscreen" />
28-->src\main\AndroidManifest.xml:16:9-59
28-->src\main\AndroidManifest.xml:16:19-47
29        <activity android:name="com.muralijha.sup.AcademicActivity" />
29-->src\main\AndroidManifest.xml:17:9-54
29-->src\main\AndroidManifest.xml:17:19-51
30        <activity android:name="com.muralijha.sup.AcademicCalender" />
30-->src\main\AndroidManifest.xml:18:9-54
30-->src\main\AndroidManifest.xml:18:19-51
31        <activity android:name="com.muralijha.sup.AboutusActivity" />
31-->src\main\AndroidManifest.xml:19:9-53
31-->src\main\AndroidManifest.xml:19:19-50
32        <activity android:name="com.muralijha.sup.FeedbackActivity" />
32-->src\main\AndroidManifest.xml:20:9-54
32-->src\main\AndroidManifest.xml:20:19-51
33        <activity android:name="com.muralijha.sup.UpdateProfile" />
33-->src\main\AndroidManifest.xml:21:9-51
33-->src\main\AndroidManifest.xml:21:19-48
34        <activity android:name="com.muralijha.sup.PasswordActivity" />
34-->src\main\AndroidManifest.xml:22:9-54
34-->src\main\AndroidManifest.xml:22:19-51
35        <activity android:name="com.muralijha.sup.RegistrationActivity" />
35-->src\main\AndroidManifest.xml:23:9-58
35-->src\main\AndroidManifest.xml:23:19-55
36        <activity android:name="com.muralijha.sup.LoginActivity" >
36-->src\main\AndroidManifest.xml:24:9-30:20
36-->src\main\AndroidManifest.xml:24:19-48
37            <intent-filter>
37-->src\main\AndroidManifest.xml:25:13-29:29
38                <action android:name="android.intent.action.MAIN" />
38-->src\main\AndroidManifest.xml:26:17-69
38-->src\main\AndroidManifest.xml:26:25-66
39
40                <category android:name="android.intent.category.LAUNCHER" />
40-->src\main\AndroidManifest.xml:28:17-77
40-->src\main\AndroidManifest.xml:28:27-74
41            </intent-filter>
42        </activity>
43        <activity android:name="com.muralijha.sup.Developer" />
43-->src\main\AndroidManifest.xml:31:9-47
43-->src\main\AndroidManifest.xml:31:19-44
44        <activity android:name="com.muralijha.sup.profile" />
44-->src\main\AndroidManifest.xml:32:9-45
44-->src\main\AndroidManifest.xml:32:19-42
45        <activity android:name="com.muralijha.sup.About" />
45-->src\main\AndroidManifest.xml:33:9-43
45-->src\main\AndroidManifest.xml:33:19-40
46        <activity android:name="com.muralijha.sup.Dashboard" />
46-->src\main\AndroidManifest.xml:34:9-47
46-->src\main\AndroidManifest.xml:34:19-44
47        <activity android:name="com.muralijha.sup.FacultyDetails" />
47-->src\main\AndroidManifest.xml:35:9-52
47-->src\main\AndroidManifest.xml:35:19-49
48        <activity android:name="com.muralijha.sup.FacultyActivity" />
48-->src\main\AndroidManifest.xml:36:9-53
48-->src\main\AndroidManifest.xml:36:19-50
49        <activity android:name="com.muralijha.sup.Main2Activity" />
49-->src\main\AndroidManifest.xml:37:9-51
49-->src\main\AndroidManifest.xml:37:19-48
50        <activity android:name="com.muralijha.sup.SubjectDetails" />
50-->src\main\AndroidManifest.xml:38:9-52
50-->src\main\AndroidManifest.xml:38:19-49
51        <activity android:name="com.muralijha.sup.SubjectActivity" />
51-->src\main\AndroidManifest.xml:39:9-53
51-->src\main\AndroidManifest.xml:39:19-50
52        <activity android:name="com.muralijha.sup.DayDetail" />
52-->src\main\AndroidManifest.xml:40:9-47
52-->src\main\AndroidManifest.xml:40:19-44
53        <activity android:name="com.muralijha.sup.WeekActivity" />
53-->src\main\AndroidManifest.xml:41:9-50
53-->src\main\AndroidManifest.xml:41:19-47
54        <activity android:name="com.muralijha.sup.MainActivity" />
54-->src\main\AndroidManifest.xml:42:9-50
54-->src\main\AndroidManifest.xml:42:19-47
55
56        <meta-data
56-->src\main\AndroidManifest.xml:44:9-46:57
57            android:name="preloaded_fonts"
57-->src\main\AndroidManifest.xml:45:13-43
58            android:resource="@array/preloaded_fonts" />
58-->src\main\AndroidManifest.xml:46:13-54
59
60        <service
60-->src\main\AndroidManifest.xml:48:9-54:19
61            android:name="com.muralijha.sup.MyMessagingService"
61-->src\main\AndroidManifest.xml:49:13-47
62            android:exported="false" >
62-->src\main\AndroidManifest.xml:50:13-37
63            <intent-filter>
63-->src\main\AndroidManifest.xml:51:13-53:29
64                <action android:name="com.google.firebase.MESSAGING_EVENT" />
64-->src\main\AndroidManifest.xml:52:17-78
64-->src\main\AndroidManifest.xml:52:25-75
65            </intent-filter>
66        </service>
67        <!--
68             FirebaseMessagingService performs security checks at runtime,
69             no need for explicit permissions despite exported="true"
70        -->
71        <service
71-->[com.google.firebase:firebase-messaging:17.3.4] AndroidManifest.xml:28:9-34:19
72            android:name="com.google.firebase.messaging.FirebaseMessagingService"
72-->[com.google.firebase:firebase-messaging:17.3.4] AndroidManifest.xml:29:13-82
73            android:exported="true" >
73-->[com.google.firebase:firebase-messaging:17.3.4] AndroidManifest.xml:30:13-36
74            <intent-filter android:priority="-500" >
74-->src\main\AndroidManifest.xml:51:13-53:29
75                <action android:name="com.google.firebase.MESSAGING_EVENT" />
75-->src\main\AndroidManifest.xml:52:17-78
75-->src\main\AndroidManifest.xml:52:25-75
76            </intent-filter>
77        </service>
78
79        <activity
79-->[com.google.firebase:firebase-auth:16.0.5] AndroidManifest.xml:24:9-31:50
80            android:name="com.google.firebase.auth.internal.FederatedSignInActivity"
80-->[com.google.firebase:firebase-auth:16.0.5] AndroidManifest.xml:25:13-85
81            android:excludeFromRecents="true"
81-->[com.google.firebase:firebase-auth:16.0.5] AndroidManifest.xml:26:13-46
82            android:exported="true"
82-->[com.google.firebase:firebase-auth:16.0.5] AndroidManifest.xml:27:13-36
83            android:launchMode="singleTask"
83-->[com.google.firebase:firebase-auth:16.0.5] AndroidManifest.xml:28:13-44
84            android:permission="com.google.firebase.auth.api.gms.permission.LAUNCH_FEDERATED_SIGN_IN"
84-->[com.google.firebase:firebase-auth:16.0.5] AndroidManifest.xml:29:13-102
85            android:theme="@android:style/Theme.Translucent.NoTitleBar" />
85-->[com.google.firebase:firebase-auth:16.0.5] AndroidManifest.xml:30:13-72
86
87        <service
87-->[com.google.firebase:firebase-auth:16.0.5] AndroidManifest.xml:33:9-39:19
88            android:name="com.google.firebase.components.ComponentDiscoveryService"
88-->[com.google.firebase:firebase-auth:16.0.5] AndroidManifest.xml:34:13-84
89            android:exported="false" >
89-->[com.google.firebase:firebase-auth:16.0.5] AndroidManifest.xml:35:13-37
90            <meta-data
90-->[com.google.firebase:firebase-auth:16.0.5] AndroidManifest.xml:36:13-38:85
91                android:name="com.google.firebase.components:com.google.firebase.auth.FirebaseAuthRegistrar"
91-->[com.google.firebase:firebase-auth:16.0.5] AndroidManifest.xml:37:17-109
92                android:value="com.google.firebase.components.ComponentRegistrar" />
92-->[com.google.firebase:firebase-auth:16.0.5] AndroidManifest.xml:38:17-82
93            <meta-data
93-->[com.google.firebase:firebase-measurement-connector-impl:17.0.3] AndroidManifest.xml:28:13-30:85
94                android:name="com.google.firebase.components:com.google.firebase.analytics.connector.internal.AnalyticsConnectorRegistrar"
94-->[com.google.firebase:firebase-measurement-connector-impl:17.0.3] AndroidManifest.xml:29:17-139
95                android:value="com.google.firebase.components.ComponentRegistrar" />
95-->[com.google.firebase:firebase-measurement-connector-impl:17.0.3] AndroidManifest.xml:30:17-82
96            <meta-data
96-->[com.google.firebase:firebase-iid:17.0.4] AndroidManifest.xml:32:13-34:85
97                android:name="com.google.firebase.components:com.google.firebase.iid.Registrar"
97-->[com.google.firebase:firebase-iid:17.0.4] AndroidManifest.xml:33:17-96
98                android:value="com.google.firebase.components.ComponentRegistrar" />
98-->[com.google.firebase:firebase-iid:17.0.4] AndroidManifest.xml:34:17-82
99        </service>
100
101        <receiver
101-->[com.google.firebase:firebase-analytics:16.0.5] AndroidManifest.xml:29:9-33:20
102            android:name="com.google.android.gms.measurement.AppMeasurementReceiver"
102-->[com.google.firebase:firebase-analytics:16.0.5] AndroidManifest.xml:30:13-85
103            android:enabled="true"
103-->[com.google.firebase:firebase-analytics:16.0.5] AndroidManifest.xml:31:13-35
104            android:exported="false" >
104-->[com.google.firebase:firebase-analytics:16.0.5] AndroidManifest.xml:32:13-37
105        </receiver>
106        <receiver
106-->[com.google.firebase:firebase-analytics:16.0.5] AndroidManifest.xml:34:9-42:20
107            android:name="com.google.android.gms.measurement.AppMeasurementInstallReferrerReceiver"
107-->[com.google.firebase:firebase-analytics:16.0.5] AndroidManifest.xml:35:13-100
108            android:enabled="true"
108-->[com.google.firebase:firebase-analytics:16.0.5] AndroidManifest.xml:36:13-35
109            android:exported="true"
109-->[com.google.firebase:firebase-analytics:16.0.5] AndroidManifest.xml:37:13-36
110            android:permission="android.permission.INSTALL_PACKAGES" >
110-->[com.google.firebase:firebase-analytics:16.0.5] AndroidManifest.xml:38:13-69
111            <intent-filter>
111-->[com.google.firebase:firebase-analytics:16.0.5] AndroidManifest.xml:39:13-41:29
112                <action android:name="com.android.vending.INSTALL_REFERRER" />
112-->[com.google.firebase:firebase-analytics:16.0.5] AndroidManifest.xml:40:17-79
112-->[com.google.firebase:firebase-analytics:16.0.5] AndroidManifest.xml:40:25-76
113            </intent-filter>
114        </receiver>
115
116        <service
116-->[com.google.firebase:firebase-analytics:16.0.5] AndroidManifest.xml:44:9-47:40
117            android:name="com.google.android.gms.measurement.AppMeasurementService"
117-->[com.google.firebase:firebase-analytics:16.0.5] AndroidManifest.xml:45:13-84
118            android:enabled="true"
118-->[com.google.firebase:firebase-analytics:16.0.5] AndroidManifest.xml:46:13-35
119            android:exported="false" />
119-->[com.google.firebase:firebase-analytics:16.0.5] AndroidManifest.xml:47:13-37
120        <service
120-->[com.google.firebase:firebase-analytics:16.0.5] AndroidManifest.xml:48:9-52:72
121            android:name="com.google.android.gms.measurement.AppMeasurementJobService"
121-->[com.google.firebase:firebase-analytics:16.0.5] AndroidManifest.xml:49:13-87
122            android:enabled="true"
122-->[com.google.firebase:firebase-analytics:16.0.5] AndroidManifest.xml:50:13-35
123            android:exported="false"
123-->[com.google.firebase:firebase-analytics:16.0.5] AndroidManifest.xml:51:13-37
124            android:permission="android.permission.BIND_JOB_SERVICE" />
124-->[com.google.firebase:firebase-analytics:16.0.5] AndroidManifest.xml:52:13-69
125
126        <provider
126-->[com.squareup.picasso:picasso:2.71828] AndroidManifest.xml:8:9-11:40
127            android:name="com.squareup.picasso.PicassoProvider"
127-->[com.squareup.picasso:picasso:2.71828] AndroidManifest.xml:9:13-64
128            android:authorities="com.muralijha.sup.com.squareup.picasso"
128-->[com.squareup.picasso:picasso:2.71828] AndroidManifest.xml:10:13-72
129            android:exported="false" />
129-->[com.squareup.picasso:picasso:2.71828] AndroidManifest.xml:11:13-37
130
131        <receiver
131-->[com.google.firebase:firebase-iid:17.0.4] AndroidManifest.xml:37:9-44:20
132            android:name="com.google.firebase.iid.FirebaseInstanceIdReceiver"
132-->[com.google.firebase:firebase-iid:17.0.4] AndroidManifest.xml:38:13-78
133            android:exported="true"
133-->[com.google.firebase:firebase-iid:17.0.4] AndroidManifest.xml:39:13-36
134            android:permission="com.google.android.c2dm.permission.SEND" >
134-->[com.google.firebase:firebase-iid:17.0.4] AndroidManifest.xml:40:13-73
135            <intent-filter>
135-->[com.google.firebase:firebase-iid:17.0.4] AndroidManifest.xml:41:13-43:29
136                <action android:name="com.google.android.c2dm.intent.RECEIVE" />
136-->[com.google.firebase:firebase-iid:17.0.4] AndroidManifest.xml:42:17-81
136-->[com.google.firebase:firebase-iid:17.0.4] AndroidManifest.xml:42:25-78
137            </intent-filter>
138        </receiver>
139        <!--
140             FirebaseInstanceIdService performs security checks at runtime,
141             no need for explicit permissions despite exported="true"
142        -->
143        <service
143-->[com.google.firebase:firebase-iid:17.0.4] AndroidManifest.xml:50:9-56:19
144            android:name="com.google.firebase.iid.FirebaseInstanceIdService"
144-->[com.google.firebase:firebase-iid:17.0.4] AndroidManifest.xml:51:13-77
145            android:exported="true" >
145-->[com.google.firebase:firebase-iid:17.0.4] AndroidManifest.xml:52:13-36
146            <intent-filter android:priority="-500" >
146-->[com.google.firebase:firebase-iid:17.0.4] AndroidManifest.xml:53:13-55:29
146-->[com.google.firebase:firebase-iid:17.0.4] AndroidManifest.xml:53:28-51
147                <action android:name="com.google.firebase.INSTANCE_ID_EVENT" />
147-->[com.google.firebase:firebase-iid:17.0.4] AndroidManifest.xml:54:17-80
147-->[com.google.firebase:firebase-iid:17.0.4] AndroidManifest.xml:54:25-77
148            </intent-filter>
149        </service>
150
151        <activity
151-->[com.google.android.gms:play-services-base:16.0.1] AndroidManifest.xml:23:9-26:75
152            android:name="com.google.android.gms.common.api.GoogleApiActivity"
152-->[com.google.android.gms:play-services-base:16.0.1] AndroidManifest.xml:24:13-79
153            android:exported="false"
153-->[com.google.android.gms:play-services-base:16.0.1] AndroidManifest.xml:25:13-37
154            android:theme="@android:style/Theme.Translucent.NoTitleBar" />
154-->[com.google.android.gms:play-services-base:16.0.1] AndroidManifest.xml:26:13-72
155
156        <provider
156-->[com.google.firebase:firebase-common:16.0.4] AndroidManifest.xml:10:9-14:39
157            android:name="com.google.firebase.provider.FirebaseInitProvider"
157-->[com.google.firebase:firebase-common:16.0.4] AndroidManifest.xml:11:13-77
158            android:authorities="com.muralijha.sup.firebaseinitprovider"
158-->[com.google.firebase:firebase-common:16.0.4] AndroidManifest.xml:12:13-72
159            android:exported="false"
159-->[com.google.firebase:firebase-common:16.0.4] AndroidManifest.xml:13:13-37
160            android:initOrder="100" />
160-->[com.google.firebase:firebase-common:16.0.4] AndroidManifest.xml:14:13-36
161
162        <meta-data
162-->[com.google.android.gms:play-services-basement:16.1.0] AndroidManifest.xml:23:9-25:69
163            android:name="com.google.android.gms.version"
163-->[com.google.android.gms:play-services-basement:16.1.0] AndroidManifest.xml:24:13-58
164            android:value="@integer/google_play_services_version" />
164-->[com.google.android.gms:play-services-basement:16.1.0] AndroidManifest.xml:25:13-66
165    </application>
166
167</manifest>